<?xml version="1.0" encoding="UTF-8"?>
<!-- Generated by org.testng.reporters.JUnitReportReporter -->
<testsuite skipped="0" hostname="Sifat-PC" name="com.DDF.LoginTestDDF" tests="3" failures="0" timestamp="2021-01-11T15:23:53 BDT" time="74.055" errors="0">
  <testcase name="LoginTest" time="25.941" classname="com.DDF.LoginTestDDF"/>
  <system-out/>
  <testcase name="LoginTest" time="22.787" classname="com.DDF.LoginTestDDF"/>
  <system-out/>
  <testcase name="LoginTest" time="25.327" classname="com.DDF.LoginTestDDF"/>
  <system-out/>
</testsuite> <!-- com.DDF.LoginTestDDF -->
