<?xml version="1.0" encoding="UTF-8"?>
<!-- Generated by org.testng.reporters.JUnitReportReporter -->
<testsuite skipped="0" hostname="Sifat-PC" name="com.ExtantReport.LoginExtantReport" tests="1" failures="0" timestamp="2021-02-09T13:08:27 BDT" time="23.729" errors="0">
  <testcase name="Login" time="23.729" classname="com.ExtantReport.LoginExtantReport"/>
  <system-out/>
</testsuite> <!-- com.ExtantReport.LoginExtantReport -->
