<?xml version="1.0" encoding="UTF-8"?>
<!-- Generated by org.testng.reporters.JUnitReportReporter -->
<testsuite skipped="0" hostname="Sifat-PC" name="com.DDF.LoginTestNG" tests="4" failures="0" timestamp="2021-01-20T14:45:18 BDT" time="72.918" errors="0">
  <testcase name="ValidEmailInValidPass" time="16.311" classname="com.DDF.LoginTestNG"/>
  <system-out/>
  <testcase name="InValidEmailValidPass" time="19.540" classname="com.DDF.LoginTestNG"/>
  <system-out/>
  <testcase name="InValidEmailInValidPass" time="17.005" classname="com.DDF.LoginTestNG"/>
  <system-out/>
  <testcase name="ValidEmailValidPass" time="20.062" classname="com.DDF.LoginTestNG"/>
  <system-out/>
</testsuite> <!-- com.DDF.LoginTestNG -->
